#-----------------------------------------------------------
# Vivado v2025.1 (64-bit)
# SW Build 6140274 on Thu May 22 00:12:29 MDT 2025
# IP Build 6138677 on Thu May 22 03:10:11 MDT 2025
# SharedData Build 6139179 on Tue May 20 17:58:58 MDT 2025
# Start of session at: Thu Nov 20 11:42:35 2025
# Process ID         : 9512
# Current directory  : C:/projects/dvfs_zed/matlab_scripts/hdl_prj/vivado_ip_prj
# Command line       : vivado.exe -mode batch -notrace -source vivado_create_prj.tcl
# Log file           : C:/projects/dvfs_zed/matlab_scripts/hdl_prj/vivado_ip_prj/vivado.log
# Journal file       : C:/projects/dvfs_zed/matlab_scripts/hdl_prj/vivado_ip_prj\vivado.jou
# Running On         : VimalRency
# Platform           : Windows Server 2016 or Windows 10
# Operating System   : 26200
# Processor Detail   : AMD Ryzen 5 7530U with Radeon Graphics         
# CPU Frequency      : 1996 MHz
# CPU Physical cores : 6
# CPU Logical cores  : 12
# Host memory        : 16441 MB
# Swap memory        : 9892 MB
# Total Virtual      : 26334 MB
# Available Virtual  : 3412 MB
#-----------------------------------------------------------
source vivado_create_prj.tcl -notrace
xhub::get_xstores: Time (s): cpu = 00:00:00 ; elapsed = 00:00:08 . Memory (MB): peak = 314.117 ; gain = 0.000
create_project: Time (s): cpu = 00:00:24 ; elapsed = 00:00:21 . Memory (MB): peak = 529.641 ; gain = 215.523
INFO: [IP_Flow 19-234] Refreshing IP repositories
INFO: [IP_Flow 19-1700] Loaded user IP repository 'c:/projects/dvfs_zed/matlab_scripts/hdl_prj/vivado_ip_prj/ipcore'.
INFO: [IP_Flow 19-2313] Loaded Vivado IP repository 'C:/Xilinx/2025.1/Vivado/data/ip'.
INFO: [IP_Flow 19-1839] IP Catalog is up to date.
INFO: [BD_TCL-3] Currently there is no design <system_top> in project, so creating one...
Wrote  : <C:\projects\dvfs_zed\matlab_scripts\hdl_prj\vivado_ip_prj\vivado_prj.srcs\sources_1\bd\system_top\system_top.bd> 
create_bd_design: Time (s): cpu = 00:00:01 ; elapsed = 00:00:08 . Memory (MB): peak = 563.898 ; gain = 19.664
INFO: [BD_TCL-4] Making design <system_top> as current_bd_design.
INFO: [BD_TCL-5] Currently the variable <design_name> is equal to "system_top".
INFO: [BD_TCL-6] Checking if the following IPs exist in the project's IP catalog:  
xilinx.com:ip:xlconstant:1.1 xilinx.com:ip:clk_wiz:6.0 xilinx.com:ip:xlconcat:2.1 xilinx.com:ip:proc_sys_reset:5.0 xilinx.com:ip:processing_system7:5.5  .
create_bd_cell: Time (s): cpu = 00:00:03 ; elapsed = 00:00:06 . Memory (MB): peak = 608.527 ; gain = 44.629
INFO: [BD 5-1043] It is recommended to use inline hdl version xilinx.com:inline_hdl:ilconstant:1.0 for the IP type xilinx.com:ip:xlconstant:1.1 for improved performance and reduced disk space. IPs with VLNV xilinx.com:ip:xlconstant:1.1 will not be supported from release 2025.2. More information on inline hdl IP is available in UG994 
INFO: [Device 21-403] Loading part xc7z020clg484-1
create_bd_cell: Time (s): cpu = 00:00:07 ; elapsed = 00:00:38 . Memory (MB): peak = 877.066 ; gain = 259.602
INFO: [BD 5-1043] It is recommended to use inline hdl version xilinx.com:inline_hdl:ilconcat:1.0 for the IP type xilinx.com:ip:xlconcat:2.1 for improved performance and reduced disk space. IPs with VLNV xilinx.com:ip:xlconcat:2.1 will not be supported from release 2025.2. More information on inline hdl IP is available in UG994 
INFO: [Ipptcl 7-1463] No Compatible Board Interface found. Board Tab not created in customize GUI
INFO: [Ipptcl 7-1463] No Compatible Board Interface found. Board Tab not created in customize GUI
create_bd_cell: Time (s): cpu = 00:00:02 ; elapsed = 00:00:06 . Memory (MB): peak = 945.734 ; gain = 63.730
WARNING: [PS7-6] The applied preset does not match with zedboard board preset. You may not get expected settings for zedboard board. The ZedBoard preset is designed for ZedBoard board.
Wrote  : <C:\projects\dvfs_zed\matlab_scripts\hdl_prj\vivado_ip_prj\vivado_prj.srcs\sources_1\bd\system_top\system_top.bd> 
WARNING: [BD_TCL-1000] This Tcl script was generated from a block design that has not been validated. It is possible that design <system_top> may result in errors during validation.
Wrote  : <C:\projects\dvfs_zed\matlab_scripts\hdl_prj\vivado_ip_prj\vivado_prj.srcs\sources_1\bd\system_top\system_top.bd> 
INFO: [Common 17-206] Exiting Vivado at Thu Nov 20 11:44:28 2025...
