Copyright 1986-2022 Xilinx, Inc. All Rights Reserved. Copyright 2022-2025 Advanced Micro Devices, Inc. All Rights Reserved.
---------------------------------------------------------------------------------------------------------------------------------------------
| Tool Version : Vivado v.2025.1 (win64) Build 6140274 Thu May 22 00:12:29 MDT 2025
| Date         : Thu Nov 20 12:37:17 2025
| Host         : VimalRency running 64-bit major release  (build 9200)
| Command      : report_drc -file dvfs_bd_wrapper_drc_opted.rpt -pb dvfs_bd_wrapper_drc_opted.pb -rpx dvfs_bd_wrapper_drc_opted.rpx
| Design       : dvfs_bd_wrapper
| Device       : xc7z020clg484-1
| Speed File   : -1
| Design State : Synthesized
---------------------------------------------------------------------------------------------------------------------------------------------

Report DRC

Table of Contents
-----------------
1. REPORT SUMMARY
2. REPORT DETAILS

1. REPORT SUMMARY
-----------------
            Netlist: netlist
          Floorplan: checkpoint_dvfs_bd_wrapper
      Design limits: <entire design considered>
           Ruledeck: default
             Max checks: <unlimited>
             Checks found: 1
+--------+----------+------------------------+--------+
| Rule   | Severity | Description            | Checks |
+--------+----------+------------------------+--------+
| DPOP-2 | Warning  | MREG Output pipelining | 1      |
+--------+----------+------------------------+--------+

2. REPORT DETAILS
-----------------
DPOP-2#1 Warning
MREG Output pipelining  
DSP dvfs_bd_i/dvfs_core_ip_0/inst/u_dvfs_core_ip_dut_inst/u_dvfs_core_ip_src_dvfs_core_hdl/u_LMS_predictor/u_nfp_mul_comp/Delay8_reg_reg[0] multiplier stage dvfs_bd_i/dvfs_core_ip_0/inst/u_dvfs_core_ip_dut_inst/u_dvfs_core_ip_src_dvfs_core_hdl/u_LMS_predictor/u_nfp_mul_comp/Delay8_reg_reg[0]/P[47:0] is not pipelined (MREG=0). Pipelining the multiplier function will improve performance and will save significant power so it is suggested whenever possible to fully pipeline this function.  If this multiplier was inferred, it is suggested to describe an additional register stage after this function.  If there is no registered adder/accumulator following the multiply function, two pipeline stages are suggested to allow both the MREG and PREG registers to be used.  If the DSP48 was instantiated in the design, it is suggested to set both the MREG and PREG attributes to 1 when performing multiply functions.
Related violations: <none>


